<?xml version="1.0" encoding="UTF-8"?>
<testsuite name="com.idfc.bootcamp.bookstore.BookstoreApplicationTests" tests="1" skipped="0" failures="0" errors="0" timestamp="2024-01-17T03:53:12" hostname="Manjunaths-MacBook-Pro.local" time="0.006">
  <properties/>
  <testcase name="contextLoads()" classname="com.idfc.bootcamp.bookstore.BookstoreApplicationTests" time="0.006"/>
  <system-out><![CDATA[2024-01-17T09:23:11.812+05:30  INFO 20597 --- [    Test worker] t.c.s.AnnotationConfigContextLoaderUtils : Could not detect default configuration classes for test class [com.idfc.bootcamp.bookstore.BookstoreApplicationTests]: BookstoreApplicationTests does not declare any static, non-private, non-final, nested classes annotated with @Configuration.
2024-01-17T09:23:11.814+05:30  INFO 20597 --- [    Test worker] .b.t.c.SpringBootTestContextBootstrapper : Found @SpringBootConfiguration com.idfc.bootcamp.bookstore.BookstoreApplication for test class com.idfc.bootcamp.bookstore.BookstoreApplicationTests

  .   ____          _            __ _ _
 /\\ / ___'_ __ _ _(_)_ __  __ _ \ \ \ \
( ( )\___ | '_ | '_| | '_ \/ _` | \ \ \ \
 \\/  ___)| |_)| | | | | || (_| |  ) ) ) )
  '  |____| .__|_| |_|_| |_\__, | / / / /
 =========|_|==============|___/=/_/_/_/
 :: Spring Boot ::                (v3.2.1)

2024-01-17T09:23:11.877+05:30  INFO 20597 --- [    Test worker] c.i.b.b.BookstoreApplicationTests        : Starting BookstoreApplicationTests using Java 21.0.1 with PID 20597 (started by manjurn in /Users/manjurn/bootcamp/bookstore)
2024-01-17T09:23:11.877+05:30  INFO 20597 --- [    Test worker] c.i.b.b.BookstoreApplicationTests        : No active profile set, falling back to 1 default profile: "default"
2024-01-17T09:23:12.160+05:30  INFO 20597 --- [    Test worker] .s.d.r.c.RepositoryConfigurationDelegate : Bootstrapping Spring Data JPA repositories in DEFAULT mode.
2024-01-17T09:23:12.168+05:30  INFO 20597 --- [    Test worker] .s.d.r.c.RepositoryConfigurationDelegate : Finished Spring Data repository scanning in 7 ms. Found 1 JPA repository interface.
2024-01-17T09:23:12.342+05:30  INFO 20597 --- [    Test worker] com.zaxxer.hikari.HikariDataSource       : HikariPool-2 - Starting...
2024-01-17T09:23:12.346+05:30  INFO 20597 --- [    Test worker] com.zaxxer.hikari.pool.HikariPool        : HikariPool-2 - Added connection conn10: url=jdbc:h2:mem:07de7388-7121-46de-a7a9-92a6ac9e36a5 user=SA
2024-01-17T09:23:12.346+05:30  INFO 20597 --- [    Test worker] com.zaxxer.hikari.HikariDataSource       : HikariPool-2 - Start completed.
2024-01-17T09:23:12.461+05:30  INFO 20597 --- [    Test worker] o.f.c.internal.license.VersionPrinter    : Flyway Community Edition 9.22.3 by Redgate
2024-01-17T09:23:12.461+05:30  INFO 20597 --- [    Test worker] o.f.c.internal.license.VersionPrinter    : See release notes here: https://rd.gt/416ObMi
2024-01-17T09:23:12.461+05:30  INFO 20597 --- [    Test worker] o.f.c.internal.license.VersionPrinter    : 
2024-01-17T09:23:12.484+05:30  INFO 20597 --- [    Test worker] org.flywaydb.core.FlywayExecutor         : Database: jdbc:h2:mem:07de7388-7121-46de-a7a9-92a6ac9e36a5 (H2 2.2)
2024-01-17T09:23:12.492+05:30  WARN 20597 --- [    Test worker] o.f.c.internal.database.base.Database    : Flyway upgrade recommended: H2 2.2.224 is newer than this version of Flyway and support has not been tested. The latest supported version of H2 is 2.2.220.
2024-01-17T09:23:12.512+05:30  INFO 20597 --- [    Test worker] o.f.c.i.s.JdbcTableSchemaHistory         : Schema history table "PUBLIC"."flyway_schema_history" does not exist yet
2024-01-17T09:23:12.515+05:30  INFO 20597 --- [    Test worker] o.f.core.internal.command.DbValidate     : Successfully validated 0 migrations (execution time 00:00.010s)
2024-01-17T09:23:12.515+05:30  WARN 20597 --- [    Test worker] o.f.core.internal.command.DbValidate     : No migrations found. Are your locations set up correctly?
2024-01-17T09:23:12.522+05:30  INFO 20597 --- [    Test worker] o.f.c.i.s.JdbcTableSchemaHistory         : Creating Schema History table "PUBLIC"."flyway_schema_history" ...
2024-01-17T09:23:12.552+05:30  INFO 20597 --- [    Test worker] o.f.core.internal.command.DbMigrate      : Current version of schema "PUBLIC": << Empty Schema >>
2024-01-17T09:23:12.556+05:30  INFO 20597 --- [    Test worker] o.f.core.internal.command.DbMigrate      : Schema "PUBLIC" is up to date. No migration necessary.
2024-01-17T09:23:12.591+05:30  INFO 20597 --- [    Test worker] o.hibernate.jpa.internal.util.LogHelper  : HHH000204: Processing PersistenceUnitInfo [name: default]
2024-01-17T09:23:12.595+05:30  INFO 20597 --- [    Test worker] o.h.c.internal.RegionFactoryInitiator    : HHH000026: Second-level cache disabled
2024-01-17T09:23:12.599+05:30  INFO 20597 --- [    Test worker] o.s.o.j.p.SpringPersistenceUnitInfo      : No LoadTimeWeaver setup: ignoring JPA class transformer
2024-01-17T09:23:12.628+05:30  INFO 20597 --- [    Test worker] o.h.e.t.j.p.i.JtaPlatformInitiator       : HHH000489: No JTA platform available (set 'hibernate.transaction.jta.platform' to enable JTA platform integration)
2024-01-17T09:23:12.628+05:30  INFO 20597 --- [    Test worker] j.LocalContainerEntityManagerFactoryBean : Initialized JPA EntityManagerFactory for persistence unit 'default'
2024-01-17T09:23:12.729+05:30  WARN 20597 --- [    Test worker] JpaBaseConfiguration$JpaWebConfiguration : spring.jpa.open-in-view is enabled by default. Therefore, database queries may be performed during view rendering. Explicitly configure spring.jpa.open-in-view to disable this warning
2024-01-17T09:23:12.867+05:30  INFO 20597 --- [    Test worker] c.i.b.b.BookstoreApplicationTests        : Started BookstoreApplicationTests in 1.047 seconds (process running for 8.497)
]]></system-out>
  <system-err><![CDATA[]]></system-err>
</testsuite>
