<?xml version="1.0" encoding="UTF-8"?>
<testsuite name="com.idfc.bootcamp.bookstore.BookApiIntegrationTest" tests="1" skipped="0" failures="0" errors="0" timestamp="2024-01-17T03:53:09" hostname="Manjunaths-MacBook-Pro.local" time="1.208">
  <properties/>
  <testcase name="should return list of books when books endpoint is accessed" classname="com.idfc.bootcamp.bookstore.BookApiIntegrationTest" time="1.208"/>
  <system-out><![CDATA[09:23:05.299 [Test worker] INFO org.springframework.test.context.support.AnnotationConfigContextLoaderUtils -- Could not detect default configuration classes for test class [com.idfc.bootcamp.bookstore.BookApiIntegrationTest]: BookApiIntegrationTest does not declare any static, non-private, non-final, nested classes annotated with @Configuration.
09:23:05.417 [Test worker] INFO org.springframework.boot.test.context.SpringBootTestContextBootstrapper -- Found @SpringBootConfiguration com.idfc.bootcamp.bookstore.BookstoreApplication for test class com.idfc.bootcamp.bookstore.BookApiIntegrationTest

  .   ____          _            __ _ _
 /\\ / ___'_ __ _ _(_)_ __  __ _ \ \ \ \
( ( )\___ | '_ | '_| | '_ \/ _` | \ \ \ \
 \\/  ___)| |_)| | | | | || (_| |  ) ) ) )
  '  |____| .__|_| |_|_| |_\__, | / / / /
 =========|_|==============|___/=/_/_/_/
 :: Spring Boot ::                (v3.2.1)

2024-01-17T09:23:05.840+05:30  INFO 20597 --- [    Test worker] c.i.b.bookstore.BookApiIntegrationTest   : Starting BookApiIntegrationTest using Java 21.0.1 with PID 20597 (started by manjurn in /Users/manjurn/bootcamp/bookstore)
2024-01-17T09:23:05.842+05:30  INFO 20597 --- [    Test worker] c.i.b.bookstore.BookApiIntegrationTest   : No active profile set, falling back to 1 default profile: "default"
2024-01-17T09:23:06.521+05:30  INFO 20597 --- [    Test worker] .s.d.r.c.RepositoryConfigurationDelegate : Bootstrapping Spring Data JPA repositories in DEFAULT mode.
2024-01-17T09:23:06.588+05:30  INFO 20597 --- [    Test worker] .s.d.r.c.RepositoryConfigurationDelegate : Finished Spring Data repository scanning in 57 ms. Found 1 JPA repository interface.
2024-01-17T09:23:07.131+05:30  INFO 20597 --- [    Test worker] o.s.b.w.embedded.tomcat.TomcatWebServer  : Tomcat initialized with port 0 (http)
2024-01-17T09:23:07.146+05:30  INFO 20597 --- [    Test worker] o.apache.catalina.core.StandardService   : Starting service [Tomcat]
2024-01-17T09:23:07.146+05:30  INFO 20597 --- [    Test worker] o.apache.catalina.core.StandardEngine    : Starting Servlet engine: [Apache Tomcat/10.1.17]
2024-01-17T09:23:07.211+05:30  INFO 20597 --- [    Test worker] o.a.c.c.C.[Tomcat].[localhost].[/]       : Initializing Spring embedded WebApplicationContext
2024-01-17T09:23:07.214+05:30  INFO 20597 --- [    Test worker] w.s.c.ServletWebServerApplicationContext : Root WebApplicationContext: initialization completed in 1342 ms
2024-01-17T09:23:07.366+05:30  INFO 20597 --- [    Test worker] com.zaxxer.hikari.HikariDataSource       : HikariPool-1 - Starting...
2024-01-17T09:23:07.572+05:30  INFO 20597 --- [    Test worker] com.zaxxer.hikari.pool.HikariPool        : HikariPool-1 - Added connection conn0: url=jdbc:h2:mem:6438f648-f1c1-4dc3-9bfc-22d56fd206b3 user=SA
2024-01-17T09:23:07.573+05:30  INFO 20597 --- [    Test worker] com.zaxxer.hikari.HikariDataSource       : HikariPool-1 - Start completed.
2024-01-17T09:23:07.626+05:30  INFO 20597 --- [    Test worker] o.hibernate.jpa.internal.util.LogHelper  : HHH000204: Processing PersistenceUnitInfo [name: default]
2024-01-17T09:23:07.687+05:30  INFO 20597 --- [    Test worker] org.hibernate.Version                    : HHH000412: Hibernate ORM core version 6.4.1.Final
2024-01-17T09:23:07.726+05:30  INFO 20597 --- [    Test worker] o.h.c.internal.RegionFactoryInitiator    : HHH000026: Second-level cache disabled
2024-01-17T09:23:07.974+05:30  INFO 20597 --- [    Test worker] o.s.o.j.p.SpringPersistenceUnitInfo      : No LoadTimeWeaver setup: ignoring JPA class transformer
2024-01-17T09:23:08.843+05:30  INFO 20597 --- [    Test worker] o.h.e.t.j.p.i.JtaPlatformInitiator       : HHH000489: No JTA platform available (set 'hibernate.transaction.jta.platform' to enable JTA platform integration)
2024-01-17T09:23:08.873+05:30  INFO 20597 --- [    Test worker] j.LocalContainerEntityManagerFactoryBean : Initialized JPA EntityManagerFactory for persistence unit 'default'
2024-01-17T09:23:09.168+05:30  WARN 20597 --- [    Test worker] JpaBaseConfiguration$JpaWebConfiguration : spring.jpa.open-in-view is enabled by default. Therefore, database queries may be performed during view rendering. Explicitly configure spring.jpa.open-in-view to disable this warning
2024-01-17T09:23:09.619+05:30  INFO 20597 --- [    Test worker] o.s.b.w.embedded.tomcat.TomcatWebServer  : Tomcat started on port 63700 (http) with context path ''
2024-01-17T09:23:09.631+05:30  INFO 20597 --- [    Test worker] c.i.b.bookstore.BookApiIntegrationTest   : Started BookApiIntegrationTest in 4.042 seconds (process running for 5.261)
2024-01-17T09:23:10.598+05:30  INFO 20597 --- [o-auto-1-exec-1] o.a.c.c.C.[Tomcat].[localhost].[/]       : Initializing Spring DispatcherServlet 'dispatcherServlet'
2024-01-17T09:23:10.598+05:30  INFO 20597 --- [o-auto-1-exec-1] o.s.web.servlet.DispatcherServlet        : Initializing Servlet 'dispatcherServlet'
2024-01-17T09:23:10.600+05:30  INFO 20597 --- [o-auto-1-exec-1] o.s.web.servlet.DispatcherServlet        : Completed initialization in 2 ms
]]></system-out>
  <system-err><![CDATA[WARNING: A Java agent has been loaded dynamically (/Users/manjurn/.gradle/caches/modules-2/files-2.1/net.bytebuddy/byte-buddy-agent/1.14.10/90ed94ac044ea8953b224304c762316e91fd6b31/byte-buddy-agent-1.14.10.jar)
WARNING: If a serviceability tool is in use, please run with -XX:+EnableDynamicAgentLoading to hide this warning
WARNING: If a serviceability tool is not in use, please run with -Djdk.instrument.traceUsage for more information
WARNING: Dynamic loading of agents will be disallowed by default in a future release
]]></system-err>
</testsuite>
